This is pdfTeX, Version 3.14159265-2.6-1.40.18 (MiKTeX 2.9.6500) (preloaded format=pdflatex 2017.12.16)  16 DEC 2017 22:59
entering extended mode
**./papel_folding.tex
(papel_folding.tex
LaTeX2e <2017-04-15>
Babel <3.15> and hyphenation patterns for 75 language(s) loaded.

(f:\SW\Latex\miktex29_portable\texmfs\install\tex\latex\standalone\standalone.c
ls
Document Class: standalone 2015/07/15 v1.2 Class to compile TeX sub-files stand
alone

(f:\SW\Latex\miktex29_portable\texmfs\install\tex\generic\oberdiek\ifluatex.sty
Package: ifluatex 2016/05/16 v1.4 Provides the ifluatex switch (HO)
Package ifluatex Info: LuaTeX not detected.
) (f:\SW\Latex\miktex29_portable\texmfs\install\tex\generic\oberdiek\ifpdf.sty
Package: ifpdf 2017/03/15 v3.2 Provides the ifpdf switch
) (f:\SW\Latex\miktex29_portable\texmfs\install\tex\generic\ifxetex\ifxetex.sty
Package: ifxetex 2010/09/12 v0.6 Provides ifxetex conditional
) (f:\SW\Latex\miktex29_portable\texmfs\install\tex\latex\xkeyval\xkeyval.sty
Package: xkeyval 2014/12/03 v2.7a package option processing (HA)

(f:\SW\Latex\miktex29_portable\texmfs\install\tex\generic\xkeyval\xkeyval.tex
(f:\SW\Latex\miktex29_portable\texmfs\install\tex\generic\xkeyval\xkvutils.tex
\XKV@toks=\toks14
\XKV@tempa@toks=\toks15

(f:\SW\Latex\miktex29_portable\texmfs\install\tex\generic\xkeyval\keyval.tex))
\XKV@depth=\count79
File: xkeyval.tex 2014/12/03 v2.7a key=value parser (HA)
))
\sa@internal=\count80
\c@sapage=\count81

(f:\SW\Latex\miktex29_portable\texmfs\install\tex\latex\standalone\standalone.c
fg
File: standalone.cfg 2015/07/15 v1.2 Default configuration file for 'standalone
' class
) (f:\SW\Latex\miktex29_portable\texmfs\install\tex\latex\base\article.cls
Document Class: article 2014/09/29 v1.4h Standard LaTeX document class
(f:\SW\Latex\miktex29_portable\texmfs\install\tex\latex\base\size10.clo
File: size10.clo 2014/09/29 v1.4h Standard LaTeX file (size option)
)
\c@part=\count82
\c@section=\count83
\c@subsection=\count84
\c@subsubsection=\count85
\c@paragraph=\count86
\c@subparagraph=\count87
\c@figure=\count88
\c@table=\count89
\abovecaptionskip=\skip41
\belowcaptionskip=\skip42
\bibindent=\dimen102
)
\sa@box=\box26
)
(f:\SW\Latex\miktex29_portable\texmfs\install\tex\latex\pgf\frontendlayer\tikz.
sty
(f:\SW\Latex\miktex29_portable\texmfs\install\tex\latex\pgf\basiclayer\pgf.sty
(f:\SW\Latex\miktex29_portable\texmfs\install\tex\latex\pgf\utilities\pgfrcs.st
y
(f:\SW\Latex\miktex29_portable\texmfs\install\tex\generic\pgf\utilities\pgfutil
-common.tex
\pgfutil@everybye=\toks16
\pgfutil@tempdima=\dimen103
\pgfutil@tempdimb=\dimen104

(f:\SW\Latex\miktex29_portable\texmfs\install\tex\generic\pgf\utilities\pgfutil
-common-lists.tex))
(f:\SW\Latex\miktex29_portable\texmfs\install\tex\generic\pgf\utilities\pgfutil
-latex.def
\pgfutil@abb=\box27

(f:\SW\Latex\miktex29_portable\texmfs\install\tex\latex\ms\everyshi.sty
Package: everyshi 2001/05/15 v3.00 EveryShipout Package (MS)
))
(f:\SW\Latex\miktex29_portable\texmfs\install\tex\generic\pgf\utilities\pgfrcs.
code.tex
Package: pgfrcs 2015/08/07 v3.0.1a (rcs-revision 1.31)
))
Package: pgf 2015/08/07 v3.0.1a (rcs-revision 1.15)

(f:\SW\Latex\miktex29_portable\texmfs\install\tex\latex\pgf\basiclayer\pgfcore.
sty
(f:\SW\Latex\miktex29_portable\texmfs\install\tex\latex\graphics\graphicx.sty
Package: graphicx 2017/06/01 v1.1a Enhanced LaTeX Graphics (DPC,SPQR)

(f:\SW\Latex\miktex29_portable\texmfs\install\tex\latex\graphics\graphics.sty
Package: graphics 2017/06/25 v1.2c Standard LaTeX Graphics (DPC,SPQR)

(f:\SW\Latex\miktex29_portable\texmfs\install\tex\latex\graphics\trig.sty
Package: trig 2016/01/03 v1.10 sin cos tan (DPC)
)
(f:\SW\Latex\miktex29_portable\texmfs\install\tex\latex\graphics-cfg\graphics.c
fg
File: graphics.cfg 2016/06/04 v1.11 sample graphics configuration
)
Package graphics Info: Driver file: pdftex.def on input line 99.

(f:\SW\Latex\miktex29_portable\texmfs\install\tex\latex\graphics-def\pdftex.def
File: pdftex.def 2017/12/07 v1.0i Graphics/color driver for pdftex
))
\Gin@req@height=\dimen105
\Gin@req@width=\dimen106
)
(f:\SW\Latex\miktex29_portable\texmfs\install\tex\latex\pgf\systemlayer\pgfsys.
sty
(f:\SW\Latex\miktex29_portable\texmfs\install\tex\generic\pgf\systemlayer\pgfsy
s.code.tex
Package: pgfsys 2014/07/09 v3.0.1a (rcs-revision 1.48)

(f:\SW\Latex\miktex29_portable\texmfs\install\tex\generic\pgf\utilities\pgfkeys
.code.tex
\pgfkeys@pathtoks=\toks17
\pgfkeys@temptoks=\toks18

(f:\SW\Latex\miktex29_portable\texmfs\install\tex\generic\pgf\utilities\pgfkeys
filtered.code.tex
\pgfkeys@tmptoks=\toks19
))
\pgf@x=\dimen107
\pgf@y=\dimen108
\pgf@xa=\dimen109
\pgf@ya=\dimen110
\pgf@xb=\dimen111
\pgf@yb=\dimen112
\pgf@xc=\dimen113
\pgf@yc=\dimen114
\w@pgf@writea=\write3
\r@pgf@reada=\read1
\c@pgf@counta=\count90
\c@pgf@countb=\count91
\c@pgf@countc=\count92
\c@pgf@countd=\count93
\t@pgf@toka=\toks20
\t@pgf@tokb=\toks21
\t@pgf@tokc=\toks22

(f:\SW\Latex\miktex29_portable\texmfs\install\tex\generic\pgf\systemlayer\pgf.c
fg
File: pgf.cfg 2008/05/14  (rcs-revision 1.7)
)
Driver file for pgf: pgfsys-pdftex.def

(f:\SW\Latex\miktex29_portable\texmfs\install\tex\generic\pgf\systemlayer\pgfsy
s-pdftex.def
File: pgfsys-pdftex.def 2014/10/11  (rcs-revision 1.35)

(f:\SW\Latex\miktex29_portable\texmfs\install\tex\generic\pgf\systemlayer\pgfsy
s-common-pdf.def
File: pgfsys-common-pdf.def 2013/10/10  (rcs-revision 1.13)
)))
(f:\SW\Latex\miktex29_portable\texmfs\install\tex\generic\pgf\systemlayer\pgfsy
ssoftpath.code.tex
File: pgfsyssoftpath.code.tex 2013/09/09  (rcs-revision 1.9)
\pgfsyssoftpath@smallbuffer@items=\count94
\pgfsyssoftpath@bigbuffer@items=\count95
)
(f:\SW\Latex\miktex29_portable\texmfs\install\tex\generic\pgf\systemlayer\pgfsy
sprotocol.code.tex
File: pgfsysprotocol.code.tex 2006/10/16  (rcs-revision 1.4)
))
(f:\SW\Latex\miktex29_portable\texmfs\install\tex\latex\xcolor\xcolor.sty
Package: xcolor 2016/05/11 v2.12 LaTeX color extensions (UK)

(f:\SW\Latex\miktex29_portable\texmfs\install\tex\latex\graphics-cfg\color.cfg
File: color.cfg 2016/01/02 v1.6 sample color configuration
)
Package xcolor Info: Driver file: pdftex.def on input line 225.
Package xcolor Info: Model `cmy' substituted by `cmy0' on input line 1348.
Package xcolor Info: Model `hsb' substituted by `rgb' on input line 1352.
Package xcolor Info: Model `RGB' extended on input line 1364.
Package xcolor Info: Model `HTML' substituted by `rgb' on input line 1366.
Package xcolor Info: Model `Hsb' substituted by `hsb' on input line 1367.
Package xcolor Info: Model `tHsb' substituted by `hsb' on input line 1368.
Package xcolor Info: Model `HSB' substituted by `hsb' on input line 1369.
Package xcolor Info: Model `Gray' substituted by `gray' on input line 1370.
Package xcolor Info: Model `wave' substituted by `hsb' on input line 1371.
)
(f:\SW\Latex\miktex29_portable\texmfs\install\tex\generic\pgf\basiclayer\pgfcor
e.code.tex
Package: pgfcore 2010/04/11 v3.0.1a (rcs-revision 1.7)

(f:\SW\Latex\miktex29_portable\texmfs\install\tex\generic\pgf\math\pgfmath.code
.tex
(f:\SW\Latex\miktex29_portable\texmfs\install\tex\generic\pgf\math\pgfmathcalc.
code.tex
(f:\SW\Latex\miktex29_portable\texmfs\install\tex\generic\pgf\math\pgfmathutil.
code.tex)
(f:\SW\Latex\miktex29_portable\texmfs\install\tex\generic\pgf\math\pgfmathparse
r.code.tex
\pgfmath@dimen=\dimen115
\pgfmath@count=\count96
\pgfmath@box=\box28
\pgfmath@toks=\toks23
\pgfmath@stack@operand=\toks24
\pgfmath@stack@operation=\toks25
)
(f:\SW\Latex\miktex29_portable\texmfs\install\tex\generic\pgf\math\pgfmathfunct
ions.code.tex
(f:\SW\Latex\miktex29_portable\texmfs\install\tex\generic\pgf\math\pgfmathfunct
ions.basic.code.tex)
(f:\SW\Latex\miktex29_portable\texmfs\install\tex\generic\pgf\math\pgfmathfunct
ions.trigonometric.code.tex)
(f:\SW\Latex\miktex29_portable\texmfs\install\tex\generic\pgf\math\pgfmathfunct
ions.random.code.tex)
(f:\SW\Latex\miktex29_portable\texmfs\install\tex\generic\pgf\math\pgfmathfunct
ions.comparison.code.tex)
(f:\SW\Latex\miktex29_portable\texmfs\install\tex\generic\pgf\math\pgfmathfunct
ions.base.code.tex)
(f:\SW\Latex\miktex29_portable\texmfs\install\tex\generic\pgf\math\pgfmathfunct
ions.round.code.tex)
(f:\SW\Latex\miktex29_portable\texmfs\install\tex\generic\pgf\math\pgfmathfunct
ions.misc.code.tex)
(f:\SW\Latex\miktex29_portable\texmfs\install\tex\generic\pgf\math\pgfmathfunct
ions.integerarithmetics.code.tex)))
(f:\SW\Latex\miktex29_portable\texmfs\install\tex\generic\pgf\math\pgfmathfloat
.code.tex
\c@pgfmathroundto@lastzeros=\count97
))
(f:\SW\Latex\miktex29_portable\texmfs\install\tex\generic\pgf\basiclayer\pgfcor
epoints.code.tex
File: pgfcorepoints.code.tex 2013/10/07  (rcs-revision 1.27)
\pgf@picminx=\dimen116
\pgf@picmaxx=\dimen117
\pgf@picminy=\dimen118
\pgf@picmaxy=\dimen119
\pgf@pathminx=\dimen120
\pgf@pathmaxx=\dimen121
\pgf@pathminy=\dimen122
\pgf@pathmaxy=\dimen123
\pgf@xx=\dimen124
\pgf@xy=\dimen125
\pgf@yx=\dimen126
\pgf@yy=\dimen127
\pgf@zx=\dimen128
\pgf@zy=\dimen129
)
(f:\SW\Latex\miktex29_portable\texmfs\install\tex\generic\pgf\basiclayer\pgfcor
epathconstruct.code.tex
File: pgfcorepathconstruct.code.tex 2013/10/07  (rcs-revision 1.29)
\pgf@path@lastx=\dimen130
\pgf@path@lasty=\dimen131
)
(f:\SW\Latex\miktex29_portable\texmfs\install\tex\generic\pgf\basiclayer\pgfcor
epathusage.code.tex
File: pgfcorepathusage.code.tex 2014/11/02  (rcs-revision 1.24)
\pgf@shorten@end@additional=\dimen132
\pgf@shorten@start@additional=\dimen133
)
(f:\SW\Latex\miktex29_portable\texmfs\install\tex\generic\pgf\basiclayer\pgfcor
escopes.code.tex
File: pgfcorescopes.code.tex 2015/05/08  (rcs-revision 1.46)
\pgfpic=\box29
\pgf@hbox=\box30
\pgf@layerbox@main=\box31
\pgf@picture@serial@count=\count98
)
(f:\SW\Latex\miktex29_portable\texmfs\install\tex\generic\pgf\basiclayer\pgfcor
egraphicstate.code.tex
File: pgfcoregraphicstate.code.tex 2014/11/02  (rcs-revision 1.12)
\pgflinewidth=\dimen134
)
(f:\SW\Latex\miktex29_portable\texmfs\install\tex\generic\pgf\basiclayer\pgfcor
etransformations.code.tex
File: pgfcoretransformations.code.tex 2015/08/07  (rcs-revision 1.20)
\pgf@pt@x=\dimen135
\pgf@pt@y=\dimen136
\pgf@pt@temp=\dimen137
)
(f:\SW\Latex\miktex29_portable\texmfs\install\tex\generic\pgf\basiclayer\pgfcor
equick.code.tex
File: pgfcorequick.code.tex 2008/10/09  (rcs-revision 1.3)
)
(f:\SW\Latex\miktex29_portable\texmfs\install\tex\generic\pgf\basiclayer\pgfcor
eobjects.code.tex
File: pgfcoreobjects.code.tex 2006/10/11  (rcs-revision 1.2)
)
(f:\SW\Latex\miktex29_portable\texmfs\install\tex\generic\pgf\basiclayer\pgfcor
epathprocessing.code.tex
File: pgfcorepathprocessing.code.tex 2013/09/09  (rcs-revision 1.9)
)
(f:\SW\Latex\miktex29_portable\texmfs\install\tex\generic\pgf\basiclayer\pgfcor
earrows.code.tex
File: pgfcorearrows.code.tex 2015/05/14  (rcs-revision 1.43)
\pgfarrowsep=\dimen138
)
(f:\SW\Latex\miktex29_portable\texmfs\install\tex\generic\pgf\basiclayer\pgfcor
eshade.code.tex
File: pgfcoreshade.code.tex 2013/07/15  (rcs-revision 1.15)
\pgf@max=\dimen139
\pgf@sys@shading@range@num=\count99
)
(f:\SW\Latex\miktex29_portable\texmfs\install\tex\generic\pgf\basiclayer\pgfcor
eimage.code.tex
File: pgfcoreimage.code.tex 2013/07/15  (rcs-revision 1.18)

(f:\SW\Latex\miktex29_portable\texmfs\install\tex\generic\pgf\basiclayer\pgfcor
eexternal.code.tex
File: pgfcoreexternal.code.tex 2014/07/09  (rcs-revision 1.21)
\pgfexternal@startupbox=\box32
))
(f:\SW\Latex\miktex29_portable\texmfs\install\tex\generic\pgf\basiclayer\pgfcor
elayers.code.tex
File: pgfcorelayers.code.tex 2013/07/18  (rcs-revision 1.7)
)
(f:\SW\Latex\miktex29_portable\texmfs\install\tex\generic\pgf\basiclayer\pgfcor
etransparency.code.tex
File: pgfcoretransparency.code.tex 2013/09/30  (rcs-revision 1.5)
)
(f:\SW\Latex\miktex29_portable\texmfs\install\tex\generic\pgf\basiclayer\pgfcor
epatterns.code.tex
File: pgfcorepatterns.code.tex 2013/11/07  (rcs-revision 1.5)
)))
(f:\SW\Latex\miktex29_portable\texmfs\install\tex\generic\pgf\modules\pgfmodule
shapes.code.tex
File: pgfmoduleshapes.code.tex 2014/03/21  (rcs-revision 1.35)
\pgfnodeparttextbox=\box33
)
(f:\SW\Latex\miktex29_portable\texmfs\install\tex\generic\pgf\modules\pgfmodule
plot.code.tex
File: pgfmoduleplot.code.tex 2015/08/03  (rcs-revision 1.13)
)
(f:\SW\Latex\miktex29_portable\texmfs\install\tex\latex\pgf\compatibility\pgfco
mp-version-0-65.sty
Package: pgfcomp-version-0-65 2007/07/03 v3.0.1a (rcs-revision 1.7)
\pgf@nodesepstart=\dimen140
\pgf@nodesepend=\dimen141
)
(f:\SW\Latex\miktex29_portable\texmfs\install\tex\latex\pgf\compatibility\pgfco
mp-version-1-18.sty
Package: pgfcomp-version-1-18 2007/07/23 v3.0.1a (rcs-revision 1.1)
))
(f:\SW\Latex\miktex29_portable\texmfs\install\tex\latex\pgf\utilities\pgffor.st
y
(f:\SW\Latex\miktex29_portable\texmfs\install\tex\latex\pgf\utilities\pgfkeys.s
ty
(f:\SW\Latex\miktex29_portable\texmfs\install\tex\generic\pgf\utilities\pgfkeys
.code.tex))
(f:\SW\Latex\miktex29_portable\texmfs\install\tex\latex\pgf\math\pgfmath.sty
(f:\SW\Latex\miktex29_portable\texmfs\install\tex\generic\pgf\math\pgfmath.code
.tex))
(f:\SW\Latex\miktex29_portable\texmfs\install\tex\generic\pgf\utilities\pgffor.
code.tex
Package: pgffor 2013/12/13 v3.0.1a (rcs-revision 1.25)

(f:\SW\Latex\miktex29_portable\texmfs\install\tex\generic\pgf\math\pgfmath.code
.tex)
\pgffor@iter=\dimen142
\pgffor@skip=\dimen143
\pgffor@stack=\toks26
\pgffor@toks=\toks27
))
(f:\SW\Latex\miktex29_portable\texmfs\install\tex\generic\pgf\frontendlayer\tik
z\tikz.code.tex
Package: tikz 2015/08/07 v3.0.1a (rcs-revision 1.151)

(f:\SW\Latex\miktex29_portable\texmfs\install\tex\generic\pgf\libraries\pgflibr
aryplothandlers.code.tex
File: pgflibraryplothandlers.code.tex 2013/08/31 v3.0.1a (rcs-revision 1.20)
\pgf@plot@mark@count=\count100
\pgfplotmarksize=\dimen144
)
\tikz@lastx=\dimen145
\tikz@lasty=\dimen146
\tikz@lastxsaved=\dimen147
\tikz@lastysaved=\dimen148
\tikzleveldistance=\dimen149
\tikzsiblingdistance=\dimen150
\tikz@figbox=\box34
\tikz@figbox@bg=\box35
\tikz@tempbox=\box36
\tikz@tempbox@bg=\box37
\tikztreelevel=\count101
\tikznumberofchildren=\count102
\tikznumberofcurrentchild=\count103
\tikz@fig@count=\count104

(f:\SW\Latex\miktex29_portable\texmfs\install\tex\generic\pgf\modules\pgfmodule
matrix.code.tex
File: pgfmodulematrix.code.tex 2013/09/17  (rcs-revision 1.8)
\pgfmatrixcurrentrow=\count105
\pgfmatrixcurrentcolumn=\count106
\pgf@matrix@numberofcolumns=\count107
)
\tikz@expandcount=\count108

(f:\SW\Latex\miktex29_portable\texmfs\install\tex\generic\pgf\frontendlayer\tik
z\libraries\tikzlibrarytopaths.code.tex
File: tikzlibrarytopaths.code.tex 2008/06/17 v3.0.1a (rcs-revision 1.2)
)))
(f:\SW\Latex\miktex29_portable\texmfs\install\tex\generic\pgf\frontendlayer\tik
z\libraries\tikzlibraryfolding.code.tex
File: tikzlibraryfolding.code.tex 2015/08/03 v3.0.1a (rcs-revision 1.5)
\tikz@lib@fold@length=\dimen151
)
(f:\SW\Latex\miktex29_portable\texmfs\install\tex\generic\pgf\frontendlayer\tik
z\libraries\tikzlibrarycalendar.code.tex
File: tikzlibrarycalendar.code.tex 2013/07/15 v3.0.1a (rcs-revision 1.3)

(f:\SW\Latex\miktex29_portable\texmfs\install\tex\latex\pgf\utilities\pgfcalend
ar.sty
(f:\SW\Latex\miktex29_portable\texmfs\install\tex\generic\pgf\utilities\pgfcale
ndar.code.tex
File: pgfcalendar.code.tex 2007/07/23 v3.0.1a (rcs-revision 1.11)
\pgfcalendarcurrentjulian=\count109
))) (papel_folding.aux)
\openout1 = `papel_folding.aux'.

LaTeX Font Info:    Checking defaults for OML/cmm/m/it on input line 6.
LaTeX Font Info:    ... okay on input line 6.
LaTeX Font Info:    Checking defaults for T1/cmr/m/n on input line 6.
LaTeX Font Info:    ... okay on input line 6.
LaTeX Font Info:    Checking defaults for OT1/cmr/m/n on input line 6.
LaTeX Font Info:    ... okay on input line 6.
LaTeX Font Info:    Checking defaults for OMS/cmsy/m/n on input line 6.
LaTeX Font Info:    ... okay on input line 6.
LaTeX Font Info:    Checking defaults for OMX/cmex/m/n on input line 6.
LaTeX Font Info:    ... okay on input line 6.
LaTeX Font Info:    Checking defaults for U/cmr/m/n on input line 6.
LaTeX Font Info:    ... okay on input line 6.
 ABD: EveryShipout initializing macros
(f:\SW\Latex\miktex29_portable\texmfs\install\tex\context\base\supp-pdf.mkii
[Loading MPS to PDF converter (version 2006.09.02).]
\scratchcounter=\count110
\scratchdimen=\dimen152
\scratchbox=\box38
\nofMPsegments=\count111
\nofMParguments=\count112
\everyMPshowfont=\toks28
\MPscratchCnt=\count113
\MPscratchDim=\dimen153
\MPnumerator=\count114
\makeMPintoPDFobject=\count115
\everyMPtoPDFconversion=\toks29
)
(f:\SW\Latex\miktex29_portable\texmfs\install\tex\latex\oberdiek\epstopdf-base.
sty
Package: epstopdf-base 2016/05/15 v2.6 Base part for package epstopdf

(f:\SW\Latex\miktex29_portable\texmfs\install\tex\generic\oberdiek\infwarerr.st
y
Package: infwarerr 2016/05/16 v1.4 Providing info/warning/error messages (HO)
) (f:\SW\Latex\miktex29_portable\texmfs\install\tex\latex\oberdiek\grfext.sty
Package: grfext 2016/05/16 v1.2 Manage graphics extensions (HO)

(f:\SW\Latex\miktex29_portable\texmfs\install\tex\generic\oberdiek\kvdefinekeys
.sty
Package: kvdefinekeys 2016/05/16 v1.4 Define keys (HO)

(f:\SW\Latex\miktex29_portable\texmfs\install\tex\generic\oberdiek\ltxcmds.sty
Package: ltxcmds 2016/05/16 v1.23 LaTeX kernel commands for general use (HO)
)))
(f:\SW\Latex\miktex29_portable\texmfs\install\tex\latex\oberdiek\kvoptions.sty
Package: kvoptions 2016/05/16 v3.12 Key value format for package options (HO)

(f:\SW\Latex\miktex29_portable\texmfs\install\tex\generic\oberdiek\kvsetkeys.st
y
Package: kvsetkeys 2016/05/16 v1.17 Key value parser (HO)

(f:\SW\Latex\miktex29_portable\texmfs\install\tex\generic\oberdiek\etexcmds.sty
Package: etexcmds 2016/05/16 v1.6 Avoid name clashes with e-TeX commands (HO)
Package etexcmds Info: Could not find \expanded.
(etexcmds)             That can mean that you are not using pdfTeX 1.50 or
(etexcmds)             that some package has redefined \expanded.
(etexcmds)             In the latter case, load this package earlier.
)))
(f:\SW\Latex\miktex29_portable\texmfs\install\tex\generic\oberdiek\pdftexcmds.s
ty
Package: pdftexcmds 2017/03/19 v0.25 Utility functions of pdfTeX for LuaTeX (HO
)
Package pdftexcmds Info: LuaTeX not detected.
Package pdftexcmds Info: \pdf@primitive is available.
Package pdftexcmds Info: \pdf@ifprimitive is available.
Package pdftexcmds Info: \pdfdraftmode found.
)
Package epstopdf-base Info: Redefining graphics rule for `.eps' on input line 4
38.
Package grfext Info: Graphics extension search list:
(grfext)             [.pdf,.png,.jpg,.mps,.jpeg,.jbig2,.jb2,.PDF,.PNG,.JPG,.JPE
G,.JBIG2,.JB2,.eps]
(grfext)             \AppendGraphicsExtensions on input line 456.
) [1

{f:/SW/Latex/miktex29_portable/texmfs/data/pdftex/config/pdftex.map}]
(papel_folding.aux) ) 
Here is how much of TeX's memory you used:
 12445 strings out of 493312
 261481 string characters out of 3131576
 410906 words of memory out of 3000000
 15775 multiletter control sequences out of 15000+200000
 4539 words of font info for 17 fonts, out of 3000000 for 9000
 1141 hyphenation exceptions out of 8191
 55i,7n,89p,430b,1132s stack positions out of 5000i,500n,10000p,200000b,50000s
<f:/SW/Latex/miktex29_portable/texmfs/install/fonts/type1/
public/amsfonts/cm/cmss8.pfb><f:/SW/Latex/miktex29_portable/texmfs/install/font
s/type1/public/amsfonts/cm/cmssbx10.pfb>
Output written on papel_folding.pdf (1 page, 36657 bytes).
PDF statistics:
 17 PDF objects out of 1000 (max. 8388607)
 0 named destinations out of 1000 (max. 500000)
 13 words of extra memory for PDF output out of 10000 (max. 10000000)

